<?xml version="1.0" encoding="UTF-8"?>
<testng-results ignored="0" total="1" passed="1" failed="0" skipped="0">
  <reporter-output>
  </reporter-output>
  <suite started-at="2024-06-12T16:20:37 IST" name="Default suite" finished-at="2024-06-12T16:20:44 IST" duration-ms="7495">
    <groups>
    </groups>
    <test started-at="2024-06-12T16:20:37 IST" name="Default test" finished-at="2024-06-12T16:20:44 IST" duration-ms="7495">
      <class name="testng.TNG_002">
        <test-method is-config="true" signature="beforeMethod()[pri:0, instance:testng.TNG_002@26e356f0]" started-at="2024-06-12T16:20:37 IST" name="beforeMethod" finished-at="2024-06-12T16:20:44 IST" duration-ms="7442" status="PASS">
          <reporter-output>
          </reporter-output>
        </test-method> <!-- beforeMethod -->
        <test-method signature="f()[pri:0, instance:testng.TNG_002@26e356f0]" started-at="2024-06-12T16:20:44 IST" name="f" finished-at="2024-06-12T16:20:44 IST" duration-ms="5" status="PASS">
          <reporter-output>
          </reporter-output>
        </test-method> <!-- f -->
        <test-method is-config="true" signature="afterMethod()[pri:0, instance:testng.TNG_002@26e356f0]" started-at="2024-06-12T16:20:44 IST" name="afterMethod" finished-at="2024-06-12T16:20:44 IST" duration-ms="1" status="PASS">
          <reporter-output>
          </reporter-output>
        </test-method> <!-- afterMethod -->
      </class> <!-- testng.TNG_002 -->
    </test> <!-- Default test -->
  </suite> <!-- Default suite -->
</testng-results>
